406
1949 20
24096 18968 71256 82966 98832 52845 2883 63589 5658 7767 96757 99572 99686 77607 75188 21318 29512 46254 41367 1416
4871 20
920 12492 79041 29616 52743 42134 10014 2030 11543 55914 58146 68337 17652 50357 83073 18945 98377 17164 66996 72701
8696 20
35619 45104 44776 86267 17085 89554 3876 87902 38304 24855 77630 82092 78115 2284 82577 94634 66416 42488 5076 65791
2610 20
1382 65479 61304 49113 77032 39325 48043 89240 66708 4174 7820 74761 25060 53356 30494 52297 11071 10458 48745 71113
8384 20
29310 76168 27699 71023 79781 90223 84313 24067 67329 15212 84933 67804 45614 54344 4986 37923 69826 34713 81966 89482
3428 20
612 47401 28439 69864 36727 51354 44929 88298 49856 97430 49358 71379 56796 53296 25787 94797 87468 63123 39161 61709
8530 20
11503 81373 87719 5892 26138 53582 59089 88957 32631 2304 20859 16064 42760 19448 98024 99723 22968 96213 27044 82458
8691 20
48126 46058 1012 33992 55052 80049 35565 87419 18437 15480 78477 20152 50247 78715 55714 29434 85175 15371 11153 59290
9447 20
38493 70663 38593 673 76262 410 89681 38320 34612 76725 33653 90735 98621 61857 42871 20351 83518 38150 14339 63821
627 20
74570 6016 49106 41993 94802 39432 20137 76493 13907 46427 61874 92874 60226 60962 18989 17668 47618 75802 52170 38799
1045 20
17105 25087 20595 95978 77344 63622 90560 21886 41485 54028 20566 44114 43439 87873 56316 91949 29992 39892 38313 49560
4758 19
41803 61417 26076 4552 94218 63986 71749 2686 74497 91216 47525 54287 2051 92408 33654 24709 23928 99010 84347
7819 20
47416 71839 45905 88097 42215 89224 58796 8183 21414 86747 20549 60221 53006 39170 32704 86604 1367 37514 58040 85469
6644 20
89990 62465 5281 47332 52990 87633 79918 60249 35676 34217 91504 2164 10816 32722 59710 43182 39066 67532 73905 34688
6063 20
54575 67622 67848 78200 9552 95598 41516 96428 79788 1266 85987 48962 51504 36058 66962 28199 5828 91877 9218 50947
349 20
83215 64201 17897 92378 45706 49971 10212 55168 56492 71808 20469 87536 18167 97265 39545 93253 59352 73350 99807 34171
6871 20
40071 599 47629 87851 67662 31515 12282 59306 42836 75548 36149 80127 74615 74736 16615 59246 66013 21581 39044 13601
4074 20
2184 22232 75565 60749 95481 92803 66165 33235 7282 15039 47160 87003 95431 39999 40629 87243 71391 99133 31062 87114
9855 20
60258 74200 83257 45533 55738 34698 84226 89198 14014 94033 64392 21342 79077 31629 2999 56073 18568 51479 24583 69233
661 20
48941 87312 32402 83190 46618 77606 50977 25973 15297 26557 49350 31489 55860 41272 44823 15973 86001 9112 5110 66405
7358 19
8226 41726 81897 46729 65508 65619 36550 63957 45114 59605 34271 81543 47834 46203 30585 67570 34122 51487 88944
1356 20
83283 52190 15920 73445 49706 77787 89796 40507 56979 61543 74453 1718 98328 70779 66975 63860 57786 7850 74656 13975
5851 20
8445 79965 3982 23556 21720 87530 56563 30381 12513 17291 95728 45502 85653 3163 21555 35601 99002 21719 50129 16980
1201 20
78818 16196 58677 48464 28933 91106 33588 99331 63192 4850 34078 8851 93111 8585 6471 84256 26759 66837 33482 99899
2044 20
29958 39554 69029 71861 27066 89068 25945 63471 64546 92294 79761 7230 69976 59429 90947 34336 2766 73699 63723 84863
414 20
58203 57632 134 4391 35170 30257 13209 3857 11876 12491 43849 47195 82540 55000 67594 72431 98692 78367 75477 61099
4386 20
55589 76411 81146 63486 27770 25605 55159 51559 8144 74910 53983 20278 58984 1441 41768 41057 51286 70149 2757 50686
7937 20
32944 58431 7517 48614 78805 4329 81827 13847 48712 50105 34861 92731 97092 79984 74379 3015 12807 3518 12068 62239
5390 20
1629 26973 91957 41659 46059 96555 76674 98409 37734 9937 80485 5053 65140 61675 83944 32506 75021 41223 6763 41258
6698 20
52944 76220 93865 48694 89391 78589 29418 14519 16542 70031 61763 48976 48503 90165 20552 78901 78305 78708 49808 57357
6976 20
81336 89056 92586 97336 11231 2163 56081 92699 97119 69510 89120 74902 32712 66507 34239 26150 60936 80822 64849 33516
7582 20
37525 88057 33158 82778 1809 91952 74381 20934 48702 16226 47879 71537 84906 57028 62470 21340 29878 47593 69696 77684
2252 19
94128 20491 48674 68416 43402 5275 98399 61904 98116 45813 45591 37181 66032 14864 12246 28909 54837 75086 6297
6235 20
54675 98310 2510 89751 51514 33564 21213 14188 78483 27975 20599 23126 10813 67868 16201 74048 89434 85956 44347 43368
2137 20
70379 37854 56949 23621 64790 4572 14704 44632 36726 75376 26245 46404 93795 56775 24477 75016 88626 23019 70737 16397
7438 20
92491 76815 43162 1137 35463 42865 51686 50938 85581 86426 68645 50115 74677 29776 82920 7093 59314 89848 39760 60101
2943 20
89074 42824 10040 34734 14627 36728 35038 19155 56395 38998 44522 11954 4916 61497 68429 56722 68857 48077 8051 90985
6588 20
60125 88210 19537 75995 48982 50826 49067 50809 7618 42352 66794 98341 1988 82960 38766 2159 75758 47631 37636 36766
9294 19
42080 72711 16973 96726 23597 68640 97076 42870 89243 7009 57516 37909 747 37479 48181 54341 87581 33522 57295
1154 20
76263 89411 4517 21593 94666 38244 68390 82830 33886 87964 22384 93107 44725 33249 28816 45281 78403 13341 10939 36558
180 20
22770 56086 52970 71005 98128 862 79716 3243 20863 72660 75870 84541 97815 53633 57753 65750 31588 87213 35394 54866
5604 20
88745 9206 98615 83808 9978 26363 26512 42354 3229 21085 83291 89538 19539 63689 63423 74267 60539 98019 95456 75707
9291 20
61965 53569 90997 18754 49163 67203 31620 98661 55315 21108 85620 77294 70367 28135 26874 18872 43178 28222 6043 66701
88 20
92257 9925 71517 64710 83567 2478 26920 13921 16584 30039 87879 95943 28074 15842 42841 8235 85299 83687 16004 96717
2590 20
59603 58315 54953 97615 34053 43951 70859 83513 78111 45635 29997 37688 5742 48875 24522 45069 66541 90452 42927 81087
8931 20
44975 73422 46470 5681 56908 78860 19568 95780 30542 85129 9389 68618 14462 48430 99045 14270 73278 51296 64479 79669
4395 19
66605 93942 77725 91034 90725 91851 84928 93784 48010 82899 80554 14023 68609 78663 12772 94303 69050 97933 19596
4813 20
53605 80961 33887 79227 94508 92336 33141 80938 1619 4381 44893 81110 48889 56513 40613 80023 46409 61968 4925 70504
5551 20
2017 82686 16393 42531 49872 40140 25876 2528 46752 53504 96884 2612 12935 42489 29773 99068 69726 35382 61909 30948
8390 20
70232 32568 42303 48266 60519 49743 87760 1030 90866 56049 52167 83316 17788 27709 65036 18962 9561 93150 90497 44742
7734 18
95387 92277 95683 73853 76638 108 42257 25989 59922 16254 23806 12479 47672 90738 41152 70372 96541 10068
7833 20
48921 80729 81100 15040 75439 28263 13413 27970 6455 13335 25955 76171 17284 55296 951 65603 77924 82706 28929 96292
9002 20
62316 12124 91892 37414 52024 13716 74681 58943 86336 39863 99659 57226 2591 14234 49905 77985 31122 42901 16782 34020
5423 20
28551 27803 31739 46430 95207 35455 68353 45970 1409 9815 55156 1773 50200 16272 94963 49455 70050 8351 21946 59012
9847 19
40102 49572 25360 83320 76930 96190 11764 81346 83562 98774 67470 90236 51583 34886 42249 31148 86436 37905 85170
1985 20
21711 53075 17474 61947 55034 21684 79703 44967 75766 36762 12654 85728 46771 50199 52897 15175 71188 21898 72046 77460
3764 19
51167 60792 85103 69583 56429 71135 95518 6181 86064 75741 60695 26712 89748 84960 69806 33508 6290 76664 4642
3134 19
34939 78031 35068 85767 57795 66699 51206 85527 76660 34373 24736 76719 79014 48041 56152 49408 67351 57609 96407
5761 20
90886 19707 82127 82537 22202 10195 13204 17367 70757 59747 7101 77951 58793 51586 90546 9465 83633 49440 58848 84117
124 19
24621 61355 24050 73992 27245 14060 85089 95809 42217 1761 15639 22781 19998 50535 14797 15396 72008 98554 59965
6446 20
26401 15900 97353 66792 68545 68205 46530 53448 69144 69387 36923 35735 27618 83774 98393 35871 99013 78839 10142 58291
9795 20
82816 40005 63213 20885 76529 6194 21612 27957 51869 21198 17117 43506 66744 91990 41804 76716 34002 47305 20434 65418
2830 20
73779 43765 27169 2816 85802 50999 24754 93477 11521 52506 81508 66058 69904 17347 2023 22923 62515 74125 3571 65030
7512 20
26310 13473 74 35094 60390 32530 8122 90572 88722 64121 25400 64757 45226 2705 76456 50060 76140 50160 93792 63912
4473 20
42415 4317 53865 73746 26005 6122 81713 50259 71325 49167 23389 95684 43064 18569 91984 51623 80782 50710 62394 77021
6821 19
34765 13254 40424 1631 64475 6120 40734 65710 47392 99232 74059 38721 85849 36401 82842 95339 30421 2614 93884
1478 20
29736 81910 56764 95287 31959 59763 21990 29280 16091 11030 70272 40915 94114 89956 99281 44076 3165 94760 16541 88154
3597 20
40462 30212 95110 43268 15572 44464 11413 10118 37962 76133 90138 43181 26650 84345 90342 82493 12667 73670 55285 59146
6924 20
71058 52515 321 21608 74778 914 26289 11872 72342 79063 63846 85194 99091 17326 72444 35243 79444 74130 28224 437
2595 20
68600 24051 74434 65394 6211 14294 53077 47277 7402 43589 89403 20237 37988 99774 85163 21527 32210 58789 56102 4574
8521 20
64176 83416 49863 86004 86374 5922 3523 9525 52981 14317 66555 55003 92700 98065 53094 45102 75115 6293 94592 72412
5172 20
51447 57499 4624 78612 70466 52269 6742 17102 52564 57587 40985 22553 863 71104 45727 8430 24432 67828 5955 32583
1743 19
65475 29366 24269 20821 50750 94296 23004 11480 12591 89597 50948 87627 76602 9692 68503 34912 12481 80002 24247
2991 20
36568 38343 80187 71546 18985 82300 90602 69656 35481 465 85266 16259 37044 60312 11897 37961 44075 3424 5604 11800
417 19
1989 6910 94957 53611 54617 35858 275 15324 96586 66048 10368 24763 99685 93582 60189 47041 23860 42052 95889
5171 20
16578 35832 10543 49129 52278 83485 98516 58294 59834 71222 53013 31258 22050 72825 72316 8111 32968 57161 30835 80163
1133 20
89093 48670 67618 35861 41188 21741 20708 87020 41625 20269 4635 80544 50898 23940 6023 84375 23045 24559 22869 28103
4951 19
60464 83976 54317 96872 60946 17168 17051 47056 80866 4648 94786 99435 84586 28703 9077 81802 97325 58531 79988
814 20
41032 23036 55991 74620 46466 84848 52641 17022 94732 54707 93376 50581 84488 75362 49076 63855 36942 5977 97902 93737
2115 20
57393 56546 631 52372 56731 70698 30329 99970 67550 40196 44940 50089 82299 3811 72783 62652 36470 54155 99988 28285
5873 20
51111 42960 71845 52916 49162 80581 64148 25664 54746 72106 10884 31494 34432 30683 68214 76811 97334 11228 45383 26816
4381 20
21975 38669 40460 18215 75947 3505 1852 49126 46161 24950 38524 81256 47841 58217 4894 89736 1734 31979 50195 54841
1807 19
99187 7847 92886 89163 86753 77216 55560 8010 39933 93474 63275 97929 94259 60598 88738 48294 88360 49334 90073
4750 20
54443 58125 83605 96351 27589 65542 37091 59189 38488 12153 20032 37214 36626 68822 33987 89323 5762 88763 42356 71773
6468 20
33024 70998 45359 52653 12308 38772 39842 6743 5418 29476 93445 60710 84678 2730 85490 43956 3664 15038 81275 68680
4430 19
44228 62452 81339 52219 68883 36836 55012 37464 1557 11400 92534 12679 37523 3216 58755 80658 73238 80369 93730
2269 20
13151 68373 36013 77141 83406 7341 54550 37632 27432 25367 24443 96431 16400 77337 54049 48995 21349 79711 60244 96225
5530 20
59366 28038 81846 95967 1436 94165 8809 70492 6221 3036 51062 71384 15173 59019 36305 78721 76723 81028 19170 38569
5697 19
46481 70873 31031 87577 60488 1121 55750 95299 20694 22237 66684 80194 87279 71978 24566 85458 15736 64853 27942
4713 20
7840 20958 42024 16018 72070 4500 47016 6256 15110 97498 15233 2430 70362 79089 18798 344 86903 55232 20393 76521
2655 20
57456 69053 78284 5767 89725 80016 90550 55319 79903 20397 81355 33581 83632 64957 16138 46808 68865 29910 84924 18033
1453 20
17714 25123 54983 15385 56190 28208 24651 38811 66733 39332 49749 74243 1339 59341 61255 12015 70749 68226 51412 22832
6134 20
88845 8314 20223 28511 59575 15130 15983 16441 83989 14464 46847 72197 54442 58272 21341 84770 53746 3 93362 17304
7843 20
20265 17796 13585 31208 40070 5667 9698 99266 45791 15016 3970 75591 40884 44404 31352 74467 42817 77573 38684 9526
3622 19
17987 75569 4741 17060 24612 1945 95080 22725 73330 90636 57909 44900 89331 42567 76681 66237 80674 11707 12239
3034 18
44302 45572 70245 1035 25349 50059 69266 18416 28057 88522 91869 64024 67044 64825 65198 41881 86482 97841
1618 20
30016 59773 98289 41190 34808 30245 87687 19733 97250 2216 37148 89628 52505 39408 59552 81907 27330 43601 36 16210
1752 18
34219 14251 226 97137 83265 63175 32922 30714 50923 66285 6294 88425 14089 78980 40002 3907 56345 70743
6236 20
95663 46152 89336 72514 26472 74537 37495 85494 43916 49075 71100 88550 89773 67257 89011 6736 31748 23755 21997 97316
8482 19
70288 96977 78597 73754 63112 35307 57165 81431 79819 67501 37324 61594 84574 47033 48488 80066 56376 15793 16809
9432 20
2249 98418 56335 17858 81542 95835 11634 11793 96975 69921 82880 89583 29522 43546 34357 76675 1915 36104 16250 42127
2079 19
81842 82091 87837 87813 3333 10174 9323 47464 49627 13037 60294 65350 96654 24382 58472 72866 87657 49369 22275
3459 20
33307 1678 87515 77920 8575 57400 24874 17120 22522 25755 87562 75515 71217 55157 65964 10876 12206 28136 53358 97886
3074 18
26264 82820 72959 37009 88267 81360 1016 32454 92498 28384 88537 21746 24574 40967 63173 61306 61127 75486
8363 20
86460 75160 19297 8218 22066 24495 10067 58215 52197 4338 95698 79757 90492 77027 21268 21457 17958 421 13267 12905
9013 20
64716 79910 88859 28809 63012 56101 23750 45327 41657 52400 75957 97195 33431 73728 64041 46927 56551 49605 47364 92583
9701 20
65966 27268 25174 1525 1052 8094 31395 15781 2818 68342 91110 62016 51074 83698 72243 31118 8182 15834 82937 86794
9070 19
1833 95623 26864 50741 79699 34749 28391 18933 48849 41616 95459 18941 78692 78830 22344 46400 78622 12507 12301
470 20
58852 34110 50532 75916 83487 71140 7128 61793 85789 84614 84978 34263 30681 84652 60568 54586 72655 42465 65050 72346
486 20
97830 4790 62384 35600 70433 92872 57487 16438 74082 1886 17824 92546 21153 32434 30785 80033 28477 78122 77753 31791
1516 19
74133 89052 28928 6026 25096 65931 21851 68551 75545 54631 35392 99725 25771 88346 93938 7187 26779 86602 38377
440 20
97381 92904 22116 75875 72845 65068 51407 17196 14865 96386 81887 22669 22051 52863 29751 90229 52208 64025 88277 98786
1963 20
36219 41579 22925 47421 21730 53039 77314 41118 27447 85379 41602 65636 60410 41207 70641 6107 95370 61203 33341 36653
6717 19
36096 18367 33661 74352 14982 2492 95454 41992 83653 32544 68371 87993 18904 26392 40088 25539 52310 28162 62589
1661 20
24511 85544 148 52131 38934 31834 63329 54200 78657 11558 39745 99581 61243 51298 24792 88907 35534 41620 75322 86486
5030 20
36814 35724 8186 66633 1763 82133 53718 90423 10444 57136 30735 36144 52071 42899 99897 98456 19728 44278 63887 43874
6370 20
33734 88380 46583 427 32239 37690 34253 18097 91160 32566 93433 93870 94898 3501 84683 48312 43840 60385 40362 25601
4933 20
20954 39705 94648 26933 67725 92209 14509 23819 26349 8786 23748 93439 79794 84850 20475 12876 1839 17651 79686 38428
9836 19
15151 78858 64956 79991 32683 72558 92220 84746 85288 54368 65991 46523 10156 37094 34747 49563 32046 63244 93608
930 20
15374 77709 50122 98123 69882 32075 60154 30940 68671 24536 24066 64593 64149 69252 62830 8878 55988 31670 68975 76659
7338 20
53832 84415 56161 84645 35371 4659 37339 41679 32836 22529 44353 12927 60799 26694 67426 44533 42876 95318 33146 20506
7218 19
75619 53763 17868 42873 41014 91340 51664 46565 67526 9385 10604 19101 45458 68180 21624 7404 49821 58235 88476
517 19
41481 46862 90605 89982 74245 54503 30055 79584 60630 47947 81806 21012 45419 54076 73642 57333 3476 49599 74050
4275 19
46631 60857 63686 80892 86342 47970 99148 21220 70417 71821 2809 32042 39744 95189 86091 80800 93416 98905 92110
2100 18
35894 83379 59515 79502 53743 8045 35427 46250 81719 71192 30916 5865 23256 97726 54872 54967 94917 61905
3406 19
22649 39556 86708 67680 2525 55139 82917 53507 3749 37390 86556 77535 82683 84299 66604 2838 36740 33196 91345
3407 20
13860 10902 76951 62572 69065 1747 8722 83592 15630 49376 32395 56627 44095 60096 85147 98202 23169 52696 79535 48469
6189 20
84448 29089 80523 60912 16253 99320 27544 57806 27676 72577 28025 73003 77413 55154 75602 74773 38508 35114 35704 55709
9550 20
13768 16900 62462 78565 42609 41342 7589 65218 72705 8236 4066 1235 72989 84170 77601 55522 24547 62549 96624 94058
9553 20
86467 60561 22616 44997 10375 33033 42722 21529 87340 15090 73449 95899 66104 22578 84565 78814 64309 81772 45017 323
5450 19
57511 82616 22566 52840 68959 59419 57238 38670 53752 14522 71235 63132 72058 65428 77409 56603 15446 29993 53725
6602 20
23964 69698 64584 66197 71718 24465 87723 83015 5244 21751 65253 24284 80221 69991 93392 33369 64012 86127 52271 63803
6633 19
3560 97717 48990 66888 63971 78792 28747 27148 23120 50672 7343 13722 4861 71810 12603 38820 91131 46796 69673
6669 20
59832 96915 92111 3242 85781 83505 23109 99363 42918 67049 70627 38592 85615 76938 13095 35314 77258 1918 1889 1901
1525 20
27961 60421 53366 68314 24060 42323 16791 93090 56296 88997 91112 59789 73558 22667 9352 62072 84745 94367 95293 9687
4250 20
64845 79679 25688 12544 98758 95329 8999 4060 8404 20049 59754 25963 22377 71909 95498 89802 66035 6612 89315 16418
2429 20
19201 68148 80317 14201 49180 50104 11679 66504 8951 57579 14625 87863 37185 11092 16390 65499 2292 14546 85520 79520
8139 19
20698 57494 67726 30109 54522 68501 56432 99605 98805 12427 8074 69867 93749 87734 10964 4255 15831 35907 56008
3545 20
70207 52409 76042 62319 96911 94688 35466 90854 11624 51188 14653 67367 6648 13834 78285 21320 40498 5685 24607 25525
5833 20
36749 92834 53944 32656 79243 18789 20500 87141 95441 474 7966 6727 88336 56234 71847 78707 59226 31143 36829 35847
3605 19
8975 83102 13642 45987 61346 66554 94252 90870 23769 87257 68443 72147 31578 25793 27779 4942 83853 98521 42192
4855 20
21275 49002 1671 85241 54726 96302 61253 96900 51015 44135 42704 60112 68090 48909 46226 50795 27092 61824 74976 66955
8976 18
99108 935 11277 89239 74851 53060 12849 78872 73120 10516 7834 3108 64180 33228 82073 43847 99779 6077
1815 18
39778 46231 11472 77584 53452 93261 73409 66241 96408 32932 62223 72567 19271 20432 52911 7803 36287 72742
7702 20
44431 44954 69145 29319 42188 22798 10293 23592 68778 77442 95141 8305 84473 89217 57316 45200 81986 9761 5790 129
1803 20
11354 55820 66257 6187 40407 20220 4746 88812 30171 99296 99959 65450 15430 29714 49557 60834 74092 90642 4666 39287
4828 20
19797 80928 94398 54907 45350 91043 18825 91838 24457 30359 66981 28147 51609 80393 32776 41459 24202 44288 11114 21408
3215 19
97697 28626 87224 87041 76153 17979 23408 85996 45484 94834 56506 16565 29694 9127 51720 19258 48973 12289 85233
2708 20
82422 64931 43114 96552 14008 57484 14779 96343 58419 73774 34517 28024 74184 39506 42940 56282 83932 37677 46311 75651
3557 20
32255 10628 92543 46084 91890 67424 68202 72189 1414 29299 13712 49773 74202 74924 88257 82178 48606 63197 73815 78521
3103 20
33283 87541 24362 19581 52451 85661 2609 15670 61016 58485 84817 42284 62969 13378 84707 34091 29529 66861 26361 55734
3301 20
25109 89106 1990 31788 96993 19561 8738 16442 40547 4023 4947 38908 19556 92476 2972 87044 71697 17449 35755 70229
9418 19
91655 20980 69177 26456 78381 62226 43477 76325 73199 92734 67217 74813 38012 90469 55364 23166 6337 94844 31984
909 19
89774 1692 42366 87173 17502 33171 27663 24854 75877 65927 51278 94417 31093 87262 3975 8163 92502 53707 68062
9007 20
81262 60182 80618 14445 4163 59658 12347 43561 14134 20795 44806 20561 29593 80807 92554 35901 95500 83338 84699 5882
9873 20
75357 43377 71994 34943 83456 4663 21049 31850 12600 61023 45056 31740 95099 69032 69151 46637 786 13861 26306 96284
7088 19
94375 8412 27637 75544 27839 21222 24928 67545 57061 8631 29514 10166 58188 85703 4075 97301 45307 42986 23859
4320 19
22018 18150 77437 64836 72292 33109 38599 830 69719 23979 62707 6675 89483 1680 61953 42132 17619 48582 15289
5439 17
96330 74913 60442 49521 86206 75089 24440 11942 80092 20181 10570 95183 86027 92296 62001 838 51725
8613 20
50683 34227 28574 89288 51849 93189 54571 34023 9037 40149 90998 1713 69355 91488 128 1234 84969 63359 36244 46159
8516 20
37749 7934 52966 40117 71570 97292 52095 98294 74223 12477 8108 39338 44249 98274 91035 75237 47954 69865 46251 78660
9713 20
60065 19566 25139 23881 68845 78852 16817 95474 2191 67220 80613 54868 18116 30492 6232 48285 91090 11934 62078 27696
7164 19
16300 88532 51927 46932 93598 11034 51026 11250 1665 26683 11969 92743 59655 89788 4667 15824 1126 32675 43695
9488 19
35734 65239 48457 15888 28230 54925 88831 46060 38918 84273 29148 6478 68383 56445 83841 64962 69093 2066 65138
7044 19
68706 5434 32077 19378 7181 3822 35737 95244 31924 97215 80696 74382 64793 90484 31676 2768 40101 47887 28427
401 20
76985 17057 5896 76566 56920 13170 58449 2236 54414 4749 45239 13769 26745 61483 75380 48257 37875 88244 86633 20960
5917 20
95004 27465 26981 22198 49539 40222 10382 65539 61491 62847 67427 44745 61071 43678 84627 80670 78933 27251 75324 8769
7050 20
53270 13613 34199 40683 37230 11958 63853 85014 79055 21397 54619 37315 66657 45019 57452 39815 41269 35575 6540 84806
9821 19
53120 63208 39547 63571 59651 91297 32324 21714 93674 39084 58818 47720 56717 78544 13743 77756 98068 95071 50004
1401 20
21662 36831 18325 32087 99567 40839 88283 25313 59882 89744 35776 650 63603 33765 10209 4430 85309 63672 77727 41249
9656 18
69692 40244 29505 67639 60770 67172 70693 5714 77205 46988 84892 41026 28586 52553 96574 74266 58660 52737
136 19
59229 89139 44802 13761 40032 91654 56992 80739 30890 62274 59705 58009 96918 71630 26421 98607 43787 13762 82340
3147 19
95666 38394 99293 44216 53785 68113 10737 33718 58389 16008 2318 95372 65986 86080 19203 86918 49251 66151 13856
4863 20
15612 99373 89245 21759 62723 45776 99144 14433 84737 45500 23304 95228 2632 46266 88676 7020 55508 16770 83980 79209
4387 20
58918 94306 31932 40894 87709 35950 67898 56953 13442 5374 25562 72096 9395 71236 65472 72884 58327 99666 78543 40262
4145 20
97083 92108 70297 41819 42562 63541 17872 81685 31357 74187 27858 17431 94869 40349 15333 582 85829 46297 47120 74678
1071 19
32627 95206 63642 6887 6476 40591 16958 95131 95444 51129 54740 72878 71649 69803 58381 18563 37300 93264 15724
7516 20
32105 4378 9207 33682 57087 23092 8639 25892 91721 72832 45618 82512 54684 70559 8224 44872 35605 73740 46465 39664
2761 20
63322 51499 76196 23168 66730 27433 35400 17870 43486 53753 75348 51639 99504 41063 47506 87746 13609 24111 94016 32886
2052 20
13676 51552 9028 23868 35474 24808 47943 81526 9021 17373 19915 67938 79375 67046 51723 41650 90795 23671 4242 3675
5460 20
5789 80838 68798 8816 18760 37802 44348 86940 27625 74362 22269 32059 82383 70349 8234 7083 21064 5330 97984 41157
854 19
41186 99670 68050 46127 41059 92231 24645 70000 20317 22817 81781 38894 59807 59064 78498 30572 5310 95779 59377
1318 20
30334 99962 14868 53550 80494 57100 10334 95654 15196 98679 61901 55870 81761 31460 29097 44748 97398 33648 49411 82763
6956 20
23222 12022 24652 96357 51299 69003 51266 91610 39583 9618 35034 46911 65207 17917 41029 4121 51478 53783 44889 95428
281 19
77402 47053 81944 13010 22164 20667 59726 89640 43663 77729 1500 90495 48546 39299 36781 10581 70653 43427 71018
949 19
85340 66774 85625 99103 51721 70208 16433 81237 96095 35429 22710 46937 29480 27370 44036 8189 75318 86022 83829
2023 19
44072 19183 89505 14117 10811 4709 71120 68558 25754 68773 65288 65821 32472 29948 80121 3966 64230 17888 96004
5481 18
92815 22218 91840 6010 32190 26812 91537 11602 27096 73486 87430 77802 35425 32556 64489 76109 60798 63430
2957 20
86534 61837 54493 55932 85993 47661 92555 23816 30778 58996 9027 92453 65272 7117 98914 14432 47103 32919 53080 54888
5006 18
54408 54828 50106 21514 30427 91079 53649 6050 25614 12938 18289 57867 64415 76702 46101 95257 35815 39830
886 19
58244 96329 56359 50608 1077 95729 59837 74639 99355 73724 39817 22617 46596 82062 99704 8700 31949 18089 87083
1812 20
90159 89310 81393 52135 40192 89741 97811 38890 66766 85113 78702 53322 87752 86931 87679 65584 26813 54479 78892 52496
9951 19
30746 79279 99083 23612 51430 29724 44718 93979 49895 30497 64155 77165 50703 15113 59129 75166 50730 6896 83863
4431 20
55114 28784 7277 60032 63847 41381 17664 91132 86464 5799 74076 27275 18859 41337 55444 45797 79125 57498 38796 14772
3591 20
21848 74472 78294 24699 36412 43479 82769 97822 69047 27866 58816 83310 35134 47889 41652 86139 85637 7495 75978 31468
3566 19
99332 23447 34244 21913 41308 87341 96537 83078 38042 3879 21248 94099 95612 23914 917 82110 46784 36185 45854
1485 20
50290 45290 63188 17274 91393 47028 68201 68523 1268 74662 18868 76026 20796 22952 56084 4679 33775 9283 87854 55995
3844 20
22443 73669 86247 81936 77980 77212 16535 47994 27198 57808 48097 45800 99259 63905 74506 29882 56014 28254 9553 23640
3038 19
54995 77961 87132 35781 39108 74535 39175 6670 78023 15187 77621 54771 6021 85081 42724 15116 83715 87299 88556
2631 20
28844 95646 53154 27196 41551 48846 91910 65968 46628 98470 51443 72913 92325 86463 39248 49839 63405 11334 72613 30747
3761 19
11607 51684 32960 63048 9296 41286 97569 36152 58738 39340 55676 68579 6914 69288 68646 88316 89142 95687 18111
9487 20
24335 64606 42850 62805 32525 32426 98040 76083 26750 6038 75819 54543 30970 32950 2958 75389 35812 72923 9282 52169
3692 20
71974 82410 79850 84675 19130 73131 90684 47666 32145 95765 98199 74905 10590 32337 74701 33892 75346 58050 54316 27122
2305 20
71856 41775 13779 51651 34646 97576 68432 68312 74346 42829 8465 15683 75993 38883 29152 67030 89882 75577 29008 65640
1492 19
19638 70166 85652 65481 84349 65626 43939 56758 38993 75541 13563 52358 89478 30988 92549 77029 32637 42748 71838
5989 18
57364 68220 46964 69041 71362 40063 97000 24230 99033 12405 44621 94712 39514 80697 3142 9030 62547 35174
1274 19
54462 78981 7690 66288 23872 83511 40020 48214 60824 93789 61181 82843 76576 41491 43074 4021 27435 71581 65240
5608 18
55890 27604 47547 80381 77152 95222 91541 5011 66487 77270 88551 25460 31736 81161 19034 72801 31023 77010
7920 19
77123 7006 88474 39962 74158 73462 82750 9604 32889 99381 808 5772 13218 16447 22341 77008 12732 89857 42019
8896 18
57153 96932 9647 31074 20100 69415 38522 97426 32486 95375 82346 80737 45229 64989 76707 48716 31674 83277
8834 20
27790 33122 26969 32461 94166 47838 28952 15140 20112 94079 24810 57592 17043 29971 73288 27208 66250 80124 69488 47536
2468 18
67246 15132 59586 22455 50910 55111 48757 6745 76499 71515 58641 82367 92160 64188 4270 97638 75860 84408
4646 20
64540 30050 57217 74853 8376 78733 87555 47445 36223 73883 20136 61007 99991 61592 21572 89107 37218 89958 94651 52237
5044 19
75461 95696 35396 68627 52869 31816 46512 25684 81268 43088 27376 54043 61145 25110 91104 22530 31022 19821 14489
5461 20
21446 52004 37068 78676 98529 75345 75103 14409 95694 50257 13949 88485 70664 81599 92474 367 84923 72238 16859 4625
7763 20
19066 68755 12655 21690 5361 64178 4436 95717 18194 14149 22963 24817 24533 16058 95144 13082 95513 70401 21400 72077
7307 20
7843 62934 57695 94495 48963 69264 22807 83317 75500 86853 89015 9078 2575 80389 98806 60425 22940 67741 82144 1736
3547 18
49233 49047 67381 98490 66303 11006 19858 71151 68263 18037 43770 46446 43386 79320 8106 76963 34331 68797
5108 18
49875 23862 64238 14232 33685 79332 12918 38650 57384 32043 94578 44397 85404 22017 81021 35036 18639 64626
2334 18
8620 62145 91457 40458 51587 59955 58380 47801 31677 86288 7992 31041 3961 79501 69276 52364 99641 24924
5871 20
20509 97376 60195 91276 52472 74943 59699 35879 89828 81484 37162 73504 281 86954 585 37461 25723 71203 49451 24136
2295 19
92423 86721 39973 53545 42630 72977 57390 77952 94482 65724 98602 99188 98839 22146 58739 17887 70899 7720 12395
7544 18
67706 13399 91815 20078 19966 44018 74945 23574 38212 26082 30934 91142 31305 28023 88862 13364 50145 95545
3613 19
37763 43355 30742 55759 4461 14696 44158 68941 4368 28634 91166 77609 26915 25581 27244 19254 31038 63209 21856
6422 18
46069 69829 50202 65229 32920 63944 52344 5889 92412 24331 47794 32406 66875 66921 35634 80055 88776 8087
8110 20
72192 91336 31303 94203 56984 45337 38936 13435 54565 89872 72146 57256 7508 74360 94374 5736 14359 34147 99527 73153
842 19
74515 17708 24743 20918 86601 33364 2089 75689 885 89466 15528 84711 58953 64525 23520 95750 85173 55491 52592
226 20
35050 32160 23681 39376 50448 47086 90399 5523 3695 3913 77675 81207 45513 42972 7484 31614 41896 83398 1954 20514
9800 18
29458 21735 37308 62670 39110 72219 83343 72334 97820 62235 42314 23887 27170 4382 16573 84088 29173 87909
8046 20
19009 1801 53710 47686 67877 80588 70965 59572 93679 13731 35624 53756 23451 70753 48638 89532 9462 52846 51652 16932
8973 19
76599 8089 94822 80592 18526 32010 72550 35726 20203 75414 54002 42555 6258 65888 82094 3804 16911 43139 103
2373 18
92511 95985 99184 91996 57460 60194 42763 81065 90410 29834 80114 79075 60599 80700 90475 33766 12505 2562
4042 16
23310 99660 61435 52535 12940 95977 88417 12077 98479 19164 99568 77494 91056 57011 7293 66503
7223 19
15989 52320 34182 70059 19198 89055 70266 60703 18879 10849 83700 59305 67807 27721 95218 23151 20730 27130 99790
4350 19
21419 22032 92255 69962 47931 37207 11799 4891 47900 24984 63922 10101 4595 461 63488 11263 65685 74566 19095
7454 20
33783 47915 64954 70501 69299 86612 96529 60581 40925 36989 4424 65962 17645 2689 31054 68045 78091 2732 62802 96982
1911 20
32764 78979 44359 31259 51734 37169 24368 67841 49484 43423 86319 31051 13741 31521 56231 78756 53101 48403 61157 3875
4938 18
83616 81378 78429 1015 25904 68451 63177 18616 79391 61107 3511 51973 84557 88649 78176 68058 14537 96512
6371 20
43838 71975 42036 85169 81901 64705 96124 83832 16378 27141 37767 29277 40283 11657 2155 72420 74896 47290 75638 65974
9071 20
25835 31204 83218 95547 67721 91316 40649 90759 41982 21056 71336 69935 86439 12463 56557 48724 9845 2797 96832 42509
9190 19
1958 45448 64270 18878 19799 36270 50787 26855 69650 73766 50452 36196 52626 81730 85464 6343 82163 37077 30253
873 20
99080 52468 26751 7037 40448 74897 70023 82000 35992 69268 58891 20673 55579 75970 92375 74841 51555 72629 79035 18274
628 17
42971 45245 46097 44501 58733 71262 76976 33164 78452 16679 64407 89868 45334 19376 87939 61628 17547
9151 19
49325 39121 87691 29763 59721 4598 49083 83569 33175 95891 82145 2175 4327 64454 87444 69350 30530 79959 52753
268 18
83737 78859 50837 55432 27501 93039 23276 79130 26520 81467 78162 67623 1221 21054 59143 40478 19026 71056
1204 19
691 88684 78355 97140 58673 11271 6582 12557 64777 79823 86720 50420 91388 54349 27545 29562 11677 31487 85773
444 19
3077 53963 55257 62467 36998 1892 41619 80636 50386 46666 47515 84956 31693 33829 47918 75863 21992 25777 94801
3026 17
33065 5173 77824 54088 6166 91727 28839 96927 2743 26360 9895 22250 34292 59567 77345 95553 46120
9742 20
86457 92795 69883 23257 41988 2043 15139 16453 62083 56708 15636 4826 90908 90040 34822 37045 85282 24423 37219 63731
6193 19
39912 48885 9104 81647 14845 3566 8650 90838 99532 35872 46958 60882 30943 86553 6591 91125 36402 75383 80380
1334 20
8339 18461 22186 45848 83091 69265 5880 41435 27934 63640 55424 15579 95044 26470 61348 56533 6596 40785 90367 90521
7017 19
7207 15917 23908 56804 11293 82204 33816 59088 67201 91429 41110 91928 64645 72638 3454 24393 88873 99676 68073
8397 18
31210 9817 5590 49023 94061 51866 1354 44684 1579 61890 11572 97489 72996 60563 93644 31618 65404 11403
2662 19
52404 57077 33380 40153 14649 93311 85479 17141 87757 45575 47660 8780 9764 74261 1411 63189 53561 31580 37215
3205 20
30243 89005 34194 809 54008 48744 20758 78036 40700 96931 71591 56958 69207 76807 69228 42953 82634 72304 84068 67438
7215 18
3786 9900 43626 36227 5056 31228 79452 2668 71225 31435 44747 54209 26852 40909 71422 96816 74385 51469
4630 19
91356 7100 57171 43959 69243 368 84719 84525 66660 28823 79817 7177 82768 29479 48216 47610 72945 54033 67946
7278 20
45108 35900 35771 50232 64332 48621 86081 52228 8948 16466 99744 46903 64488 19675 22653 37699 68790 72239 39541 81138
9223 20
79117 19206 99925 16943 82751 60316 51677 91989 21969 76369 49304 8897 91480 65124 4591 13571 65671 65343 97985 39553
972 17
67802 47495 17859 27474 16153 41005 15185 22442 90445 2389 23737 60423 42783 67061 2497 71103 35199
6230 20
12152 87965 42853 27084 54422 37877 14876 10744 48310 14925 63588 64171 79637 81889 42294 30526 43039 1602 15526 95009
5164 19
47743 70548 86577 25602 25995 20458 50794 40348 84369 36117 53324 81659 30040 27638 99252 5217 73833 21399 82170
4532 17
41083 93917 64100 91673 5467 30403 46561 27178 71134 72658 97706 2569 42493 9004 15673 92946 92526
9582 14
80930 79771 91380 18295 65333 72460 62732 76051 38096 57117 75325 82593 26027 68781
2313 18
18885 43444 46411 30250 35572 84401 92673 19442 29926 58997 54338 47687 17685 83069 70097 96096 28460 49659
1537 20
48693 83836 12074 77438 74527 42729 97801 91907 10681 61374 87307 33275 37321 69114 17099 72268 54007 2729 6451 86409
9962 20
61263 96903 92955 32814 59462 75876 58369 94676 94146 84389 57707 16559 73156 29450 93742 27352 39096 23354 65389 88430
5691 19
95249 50772 29553 79199 74690 80721 64446 69411 70937 35215 33677 92145 58108 99953 35029 53533 63007 39093 87170
9577 18
39698 2887 83169 49745 82330 77890 35161 47865 67762 22691 61011 47131 83488 70471 25852 21792 32744 81441
1412 17
25377 28802 52786 84700 59640 37952 15775 758 16953 6274 22126 12127 80257 48450 88743 95001 20562
7085 19
1085 28941 59008 74389 18032 22645 90552 18898 69414 49080 29796 177 58960 69555 11216 92421 65478 32294 45590
1785 19
75745 13637 3713 71438 25081 83641 89629 23466 20710 28923 72860 2644 8805 65211 35779 23543 4612 67301 26014
1302 20
59592 80925 70175 37395 33320 30149 87842 10070 11106 80549 36161 78333 64725 77959 52201 60380 10683 80169 86249 44582
1574 19
27191 64072 82845 27993 36976 60025 18382 60513 13165 79634 23175 44988 38637 51446 48937 83151 95635 12155 69816
9744 18
67430 25851 52079 6025 74301 1606 98560 61474 70085 60736 39222 76401 62339 4325 54079 96031 85878 12058
8477 18
98545 1345 74320 2488 92382 63522 93866 5189 77580 39721 19176 94715 77335 17832 64335 42039 69391 68110
974 18
50584 81788 36841 18860 95871 2107 8501 18023 29246 52218 90806 5647 34577 44538 75170 59541 81697 52876
2065 20
97799 32432 82327 80974 27879 97684 81298 91884 96522 72615 86063 20447 57532 93607 55547 75472 56967 43614 75920 68313
4433 20
64294 46541 94976 51203 51197 53097 68362 10802 54230 12864 84020 27731 43036 23365 63561 29276 19352 38711 66206 66372
8993 20
44224 17124 33743 64519 98136 187 39834 56391 847 92714 79606 87988 80539 61528 3099 76163 77108 66780 20746 4825
24 19
51615 264 79114 1864 17724 38835 47774 44558 88984 90615 68370 29104 46741 33209 37301 62132 480 77741 46348
6836 19
43972 7098 2475 43887 46021 73748 76334 9803 34777 35649 16538 60963 11927 8810 13539 44567 63685 47880 39964
8531 20
36364 65222 18210 51681 98543 47191 81979 29678 64312 76901 52444 87376 36051 95539 179 1931 63130 30210 45256 31881
2495 20
66336 26985 27764 47549 14896 65060 1722 45994 76494 4707 22049 68844 98988 36009 48434 86643 75157 92082 65423 86359
5331 18
20629 92488 92308 10877 96405 95007 12569 70113 69643 3955 33983 4122 46233 71101 64448 27177 83820 46917
6258 19
49500 39742 18166 64880 89297 99517 1626 78186 6905 91261 56382 52036 4743 40405 61990 79538 86338 18399 2681
7321 18
15661 28805 87815 14449 91030 1842 73703 83185 96724 13290 62345 29943 5179 792 99333 82970 40097 46181
9396 18
54637 69794 6383 52455 73014 30473 33372 29758 64352 20884 78077 73282 39624 56123 58484 50439 14030 88981
1099 19
74087 3027 1075 4067 87950 9047 85532 36520 68919 45774 9996 74838 67660 89199 429 81056 46920 36492 36238
9213 20
77782 53842 85258 23448 53196 96125 41888 47361 64112 6306 60571 95002 73271 78907 15280 33125 53140 6387 7026 76977
683 19
65377 54715 60715 154 62794 98625 42069 96692 3386 12114 53838 2189 88048 22835 13929 79372 13587 68152 42734
852 18
85515 5871 33037 78418 44029 25458 39399 16154 22734 54763 32348 611 99912 92179 5739 51262 7622 7225
1438 19
68407 23290 2534 81831 97390 71586 70205 12833 1026 57769 42181 28131 2235 8610 93989 4492 78128 10044 65681
2751 18
77763 69810 78785 64018 8216 89382 41195 75564 47387 30553 57073 8193 14078 14360 68699 8336 23706 25176
4429 19
2710 57360 93142 94090 24337 30761 42363 71662 95082 70702 46052 50830 64078 8306 7073 26025 53036 99623 20277
3691 19
9338 66869 74413 41646 79731 2121 25828 10688 74814 6374 31459 27344 43392 20903 72906 65137 97037 11485 14220
9864 19
57304 87077 7356 39604 54616 20449 74649 11576 63385 47069 3605 94143 89689 54687 90037 57004 49206 63611 43488
6262 19
93060 77843 36002 73243 89241 98920 95424 65048 26480 31805 94372 31089 90285 15210 67794 69858 27910 79897 46852
6835 19
32325 58628 34849 31153 16479 20814 43578 19634 80336 24254 96916 3733 58688 9998 91645 54960 89216 58989 19175
5106 18
18245 90346 72650 43592 35103 6665 5631 10548 48571 34319 98132 76971 26454 60635 98228 33188 89153 92857
3851 17
39971 77962 95097 2886 50622 63080 93541 75529 56534 55857 38306 76669 55910 94392 83123 99995 10676
4736 19
23051 64186 41403 34286 1236 406 98447 69697 89745 10008 65571 58834 58432 8326 9639 49261 96509 56385 52345
2983 18
39829 31792 73794 28723 53431 27751 62853 81344 79861 71482 34677 63288 96094 41909 63461 86792 22581 10748
8391 18
30772 53929 7061 63384 3636 85727 48123 92858 61249 89204 34392 43078 69383 96595 33601 8085 78938 83387
1730 19
23635 29521 31005 14125 33137 3985 92916 96830 39910 60663 19580 68670 72761 83809 62644 2446 61511 24367 14141
2274 20
13812 95580 21433 5724 14237 18594 69748 706 45754 81383 51872 20424 31581 5336 83970 50802 71022 95634 89548 68863
6851 17
7601 88250 6744 10565 53761 4614 88064 75447 29042 67363 13616 20274 58695 75112 13606 80767 10621
1553 20
21370 69645 1360 342 30234 69349 60459 34675 2859 96651 19105 54830 68934 66173 40468 14183 422 50422 93628 30699
7111 17
46877 31657 73379 7380 30096 68749 6803 60375 11814 27161 17912 59436 14747 31942 20395 54124 80400
7782 20
25794 34599 831 81436 11179 20925 64187 49464 22326 89022 35762 55517 99438 54891 63147 58632 31891 17596 16366 85627
2802 20
50397 23499 96771 9668 8801 45811 22263 32041 24226 16711 84309 99840 82962 35866 99134 36731 50305 12886 25769 72496
857 17
39757 38267 13871 60684 80225 81804 38945 25445 90291 93507 21563 59024 14388 81420 44310 96102 62602
9373 18
8126 70583 11392 75104 63585 38801 86777 26149 12790 47709 43687 67642 30136 71619 14100 54309 8685 42278
8736 20
21646 8865 94262 80692 49650 69455 33504 66827 33706 350 38512 16084 85576 11859 90079 60008 5591 51427 24446 25964
4505 20
69017 68846 67702 83208 14107 235 98317 15975 92462 64246 60299 580 35044 92689 5592 75328 35914 88946 77005 35844
6420 19
24532 27802 26901 64256 99289 49121 16487 33427 87551 37419 85449 41874 75090 49578 33493 71096 12422 30337 92856
3768 18
79282 91960 33847 43732 97372 48366 98927 59399 55403 60994 46748 43230 459 57134 63934 15408 66500 7072
4022 19
78996 68940 33776 29183 77807 90962 40856 92884 83225 16987 86956 26964 71920 64145 43217 6158 8372 16473 53440
1364 20
46785 61473 9703 53457 22118 67215 6637 5480 50191 16602 35016 83629 13278 36175 7442 78179 43337 18075 95115 31631
3555 17
53618 93381 65345 28139 33318 87618 59082 95389 35932 16427 94663 15898 61331 12751 17501 84543 8387
1443 20
76758 78421 69513 74748 39458 77098 17024 43248 38068 49153 35217 49894 80659 82703 95436 38906 92590 93064 40767 5800
6203 20
69262 42262 82200 46185 13548 13131 38825 77401 94572 29643 47245 816 49265 34475 97251 858 63104 95464 28955 75476
6142 18
96172 67154 66960 4260 50789 9233 62810 58994 83565 5618 32804 93663 24029 28300 65056 13480 73522 83010
765 19
32747 38161 75930 60530 94373 56285 43247 9582 88755 55065 98221 61130 77002 3914 5981 75525 88594 55569 14281
4594 19
84842 22614 41582 77518 44564 40791 53272 39124 4139 77467 75031 28316 54533 27283 59311 73947 88118 87370 82528
1134 19
97847 75431 25465 54712 98064 74091 20869 56435 73491 56195 4977 64372 30164 23150 92712 99114 86112 98053 58042
5445 18
80199 39533 85940 90210 51532 5522 79675 10722 15126 23504 51340 89421 34009 26529 49837 94705 64410 92164
7265 18
84833 53659 56985 86199 72612 76607 52049 90462 21032 47074 94937 52802 31836 82343 39596 93770 29570 3687
4831 18
11270 63014 43605 92101 69389 52585 78637 85669 79371 76124 5625 86158 16025 58898 5375 16062 82923 29648
2517 19
45412 2596 68048 20133 88848 33849 57559 44247 39228 85574 24015 47298 3109 95282 52577 66457 85778 30781 74696
7339 14
77692 95078 53848 47960 18156 32093 28568 32405 29228 27500 5671 78398 50903 99861
4596 19
37485 76356 20541 8260 47181 67067 54534 53736 94460 52039 33631 30901 33594 39582 48456 94343 43980 43957 92323
8297 18
30491 48359 80368 72104 80513 91344 58743 92390 26991 43510 35806 34832 63247 15300 72694 62555 44458 215
3169 19
81404 68833 21488 88523 47381 27517 50325 39686 21040 45464 14258 55535 32833 61712 27591 28600 83548 51699 97013
5493 20
37663 26780 8693 27536 85699 87767 38274 60778 86092 75666 6136 70064 95323 7741 42751 38859 61873 67861 1846 28167
2253 18
47500 16297 89202 55119 89178 41436 25107 96855 15369 71521 225 16480 73192 77523 40755 97419 37203 92577
7032 17
34568 96107 42464 54695 30311 21098 48961 61596 84395 34763 30728 42715 78592 62733 91493 84566 41860
8879 18
34976 43742 46449 1229 50012 80113 42788 74457 99081 55425 61471 21564 61446 85342 42340 40765 77080 28665
2571 20
61811 9829 76717 48545 6138 78656 63698 2357 72476 27805 2390 30729 51132 75167 95472 17496 99777 60640 1822 62721
3018 17
57657 40816 42088 65065 3919 97192 41392 25042 96944 35915 80889 48743 52662 95023 69163 48801 66797
7282 19
30873 47738 81565 90348 59316 64848 26665 82774 74056 99787 4993 94896 17475 4569 3014 999 98691 7812 96185
9694 19
39193 13030 727 42564 26048 87914 43383 87868 97485 37977 88832 82890 21515 84433 80977 30232 35226 87803 23054
4557 17
13583 73277 3355 21060 13495 44225 6434 66989 13292 11372 45528 31542 22731 75201 73791 38929 43129
7149 18
29920 60953 71742 51668 37193 58859 22909 35757 18504 9418 40271 53612 30072 64592 55256 98003 57574 64461
1965 19
53425 59542 98994 84680 16874 41962 5083 80861 42917 8328 66213 68267 35886 9483 12248 68900 12158 82661 84494
5217 20
12111 60730 38185 92665 82743 90692 80791 52308 53706 98857 72548 65789 45659 70659 77481 7586 87386 17866 81225 51270
3734 19
43495 41576 28701 82323 36570 43818 34583 55805 45804 27769 31610 67553 52622 13475 70407 77434 16926 40928 64334
240 20
55689 37891 72409 49892 21367 95355 1622 88217 76863 73126 54767 43496 69382 14528 76683 90766 28567 15674 69742 63303
2730 19
18560 63811 35101 60416 66784 71854 70104 76645 91768 12548 67025 18595 27652 40990 13444 93833 17174 48575 8906
4255 20
81866 86820 56287 86341 72649 86205 43634 64636 77860 30433 96564 4701 67242 99761 82795 26711 80831 49819 63616 36939
6681 17
91180 20095 2919 61662 50712 81470 18428 62095 31145 34476 25917 87963 13526 71418 73261 40452 45172
3439 17
64887 62989 42178 39392 97960 31612 47501 64213 43263 38761 47302 55859 82258 10234 86189 75470 91591
6175 18
12358 18537 10039 40408 6439 87538 74460 74707 67606 47858 96787 69334 26121 77856 38729 97980 564 84691
7002 19
54429 91709 35239 75234 50958 22331 51230 21175 77826 61501 84701 44080 20431 65327 70547 28906 33692 28610 34282
1872 17
10611 94228 93092 57820 62337 33490 49544 35451 70689 98775 74465 80328 55179 13028 86373 57652 45957
7765 19
74769 80836 4100 83124 93076 5186 87554 59560 59833 99283 50042 93509 35925 33599 87479 18516 50354 16248 84724
7915 19
18992 34481 84370 44172 63578 31875 40240 42153 51671 2984 47089 45680 92930 44050 44434 99973 17288 46346 27513
7953 19
76367 68367 5264 93292 80570 91207 22620 25822 31686 90537 31151 55372 93054 77842 12863 69943 89599 97781 10059
3135 20
31679 50172 32099 25132 35450 25826 91685 40743 20169 47306 85225 88937 61172 17376 90071 11580 69457 46807 29980 6834
7444 18
27771 80241 47632 92427 86532 85715 1106 19481 41361 63381 85502 53247 53008 6184 33052 42359 7870 31409
9324 18
30985 86162 52872 77640 75923 77543 99328 69318 20912 94552 11040 43475 99359 55572 71995 78619 4808 72975
6577 20
20950 21860 21943 77161 94756 97718 91222 51211 1059 29382 66843 66959 92271 22110 39782 10211 13148 63694 75883 97262
8099 20
17593 79468 3692 9270 27412 56783 31370 68658 70865 30841 57619 90324 62421 22224 8566 26491 93601 96664 58652 93657
1558 20
97366 26260 69617 33220 24684 15364 69691 67847 93152 68838 60398 25111 89419 11515 44187 18658 7743 17591 20831 36979
2462 19
18966 90192 33256 25560 82594 81724 40482 28724 64127 57420 56248 18998 67505 43688 89684 46928 36828 7134 99909
6782 16
37178 58313 2356 94939 41134 22771 50684 42706 10634 36522 1649 92799 6926 74177 35177 84072
8273 20
11245 23976 65136 86396 10161 60004 64349 84901 74051 59067 29692 91664 790 9629 74280 35136 3893 92926 75818 11081
4178 20
47125 91807 32197 75232 74890 25652 49630 69147 66912 92119 35827 34756 42297 28486 66613 27491 25170 33825 30797 4458
2223 19
69148 89384 86021 12215 53435 4340 21156 43538 13851 60685 24687 62354 76979 9075 84414 88019 33606 69846 16653
3364 18
9061 29613 63077 36527 26865 263 12337 75871 22334 40354 12458 44704 65692 57623 18219 16241 4523 14553
2287 20
37959 29041 20311 76604 9081 19265 25463 53458 14370 43334 19960 28412 11353 76323 79671 61029 43938 28578 35555 67123
7092 17
42777 47563 24410 40561 51913 78613 94096 93133 87291 63367 33861 63378 23563 36091 34427 43485 98147
2325 17
72250 62375 84942 88131 164 356 77998 29651 99729 78626 7115 62261 9016 89195 28641 99825 67783
4559 19
68168 68591 86546 57514 29787 36860 6674 15893 34123 69713 55647 18603 20583 20961 12540 28288 51072 17856 56940
5144 18
51038 96887 6981 85210 71437 91029 2638 52029 80963 90561 14150 52513 95109 22084 17980 83712 64317 14562
6825 19
76639 9933 40844 63514 76904 53626 35545 23215 44461 51715 79583 99468 58604 24913 30647 82064 42191 28246 82652
7910 18
57938 8794 50267 99337 73452 21206 71592 61836 20787 67778 10951 19839 32439 64885 53740 99522 69760 97655
9805 20
205 54566 53462 25462 3203 77204 55021 34639 60084 63350 85938 64975 69928 20438 82251 30928 61658 57977 23730 30299
1140 16
84840 75455 55056 93535 88515 21112 63017 6225 32885 9961 13356 58254 96123 90425 88504 5908
4254 19
92752 42203 28275 67206 48074 8107 9616 30532 77255 58242 51757 93322 81601 38563 93768 37649 55735 74004 34673
2120 19
8330 45676 91636 32807 87999 55334 89467 14858 27749 62799 87368 20872 39190 66499 81680 55294 71420 18121 97022
6650 19
89954 95778 89785 61723 66902 19097 65651 20578 24654 71887 45180 48965 48680 68771 42801 35527 40209 39747 48210
5638 19
1924 28353 60527 85886 28331 44739 94901 25987 63000 8869 73227 36760 37292 25101 92342 34090 77307 93496 97042
1690 19
91761 32861 93681 56080 53919 99536 32610 22256 81012 74950 48518 74480 22036 33213 55029 85301 21823 74698 47934
6522 19
91042 7268 41959 26248 25184 15542 24622 39169 36097 16813 24468 84177 15811 20421 50071 27841 69031 81943 90661
2804 17
94527 87397 33230 75044 15559 70212 90984 59683 31996 58257 93924 3882 95493 98398 33613 60222 99392
5498 20
16055 32421 18596 90750 64137 37239 7012 69515 91118 68332 82501 49611 41495 81710 80265 67497 59315 49936 73984 73460
8301 19
42833 77553 60520 77403 8668 33035 59243 80421 56580 68204 25209 94550 73315 93091 86813 91618 79257 44378 79564
4188 20
55107 24790 78967 4685 65716 74653 48855 61295 3949 9443 98086 9776 42996 94512 95029 53254 61376 78816 40737 49469
6148 19
77136 55046 83211 19121 38591 15404 49709 10487 18407 91706 37302 6492 3544 70194 77064 63224 73020 25437 64922
5766 19
94640 96258 20151 921 12480 99985 44295 62407 62105 82161 88109 95273 70642 28019 55134 58096 8848 16849 93662
7997 17
8970 94423 81732 89577 65034 60757 42436 85999 3937 77841 2025 41178 15395 91856 39183 40197 50559
6219 20
8084 93785 33899 67009 22345 87990 91854 62356 97494 79843 63692 71785 35430 95567 60243 22313 47762 14586 43379 34281
1867 20
14997 39063 27386 62671 87484 52202 90226 28659 88528 19289 27367 50692 33625 83663 45859 20149 67210 6598 29385 81855
2102 18
31450 73994 74193 59676 952 30302 55439 3797 58764 30351 93534 6881 77765 34956 75694 51580 74421 94018
3163 19
41984 60958 20642 24492 38375 39621 8824 26781 61612 37797 96248 94062 44178 2141 85243 18068 41173 62759 71380
4853 17
80141 9809 74221 6597 58170 27704 51385 40259 28220 39635 29828 87178 45076 91163 2315 83369 81512
7429 18
19871 35175 95903 21014 90788 22838 44322 42623 84284 99863 49286 17580 89356 771 4756 80569 70015 9608
19 18
41297 82303 77516 53043 53181 59697 34109 33832 15417 31923 289 10987 62074 45938 84845 50289 84320 54031
4603 19
38570 53103 85362 90198 12822 57107 43224 76789 22930 89306 53922 18290 91002 42383 32308 68173 27168 45323 50968
8634 17
34853 42327 6769 9430 88575 36577 94148 37942 45978 52063 35963 91775 54945 69194 96264 91370 84837
6516 20
33632 91852 45138 5113 77689 93805 96845 57050 16781 99145 46630 55852 65985 62846 10925 85565 38420 63543 84723 21877
2493 18
33551 79579 4729 43399 39918 33432 63953 32355 48818 42085 15829 40108 95617 8519 57871 76814 83473 58246
5507 19
59335 38311 28748 56838 30765 42692 47104 8717 59755 76591 2798 43371 29128 87968 69689 34830 66644 78936 56619
6620 19
78397 34407 82787 68616 28426 58252 11610 57799 88319 73468 9849 20893 43459 30693 36538 46322 62730 74278 22378
690 19
93830 63739 10675 65560 70571 27357 43053 34705 60717 29876 43332 36148 51220 31170 1690 98225 65151 82388 2067
